android/build/intermediates/manifest_merge_blame_file/debug/manifest-merger-blame-debug-report.txt
1<?xml version="1.0" encoding="utf-8"?>
2<manifest xmlns:android="http://schemas.android.com/apk/res/android"
3    package="com.burnweb.rnsendintent" >
4
5    <uses-sdk
6        android:minSdkVersion="21"
6-->src\main\AndroidManifest.xml
7        android:targetSdkVersion="31" />
7-->src\main\AndroidManifest.xml
8
9    <application>
9-->src\main\AndroidManifest.xml:4:5-20:19
10        <service
10-->src\main\AndroidManifest.xml:5:9-7:43
11            android:name="com.burnweb.rnsendintent.RNSendIntentModule"
11-->src\main\AndroidManifest.xml:6:17-51
12            android:exported="true" />
12-->src\main\AndroidManifest.xml:7:17-40
13
14        <provider
14-->src\main\AndroidManifest.xml:8:9-18:20
15            android:name="com.burnweb.rnsendintent.FileProvider"
15-->src\main\AndroidManifest.xml:9:17-69
16            android:authorities="${applicationId}.fileprovider"
16-->src\main\AndroidManifest.xml:10:17-68
17            android:exported="false"
17-->src\main\AndroidManifest.xml:11:17-41
18            android:grantUriPermissions="true" >
18-->src\main\AndroidManifest.xml:12:17-51
19            <meta-data
19-->src\main\AndroidManifest.xml:14:13-16:58
20                android:name="android.support.FILE_PROVIDER_PATHS"
20-->src\main\AndroidManifest.xml:15:21-71
21                android:resource="@xml/file_paths" />
21-->src\main\AndroidManifest.xml:16:21-55
22        </provider>
23    </application>
24
25</manifest>